d:\qt_project\gldetection_wifi\gldetection_wifi\gldetection_wifi\debug\vc140.pdb
d:\qt_project\gldetection_wifi\gldetection_wifi\gldetection_wifi\debug\main.obj
d:\qt_project\gldetection_wifi\gldetection_wifi\gldetection_wifi\debug\gldetection_wifi.obj
d:\qt_project\gldetection_wifi\gldetection_wifi\gldetection_wifi\debug\moc_gldetection_wifi.obj
d:\qt_project\gldetection_wifi\gldetection_wifi\gldetection_wifi\debug\qrc_gldetection_wifi.obj
d:\qt_project\gldetection_wifi\gldetection_wifi\gldetection_wifi\debug\wifi_control.obj
d:\qt_project\gldetection_wifi\gldetection_wifi\gldetection_wifi\generatedfiles\ui_gldetection_wifi.h
d:\qt_project\gldetection_wifi\gldetection_wifi\gldetection_wifi\generatedfiles\qrc_gldetection_wifi.cpp
d:\qt_project\gldetection_wifi\gldetection_wifi\gldetection_wifi\generatedfiles\debug\moc_gldetection_wifi.cpp
d:\qt_project\gldetection_wifi\gldetection_wifi\win32\debug\gldetection_wifi.ilk
d:\qt_project\gldetection_wifi\gldetection_wifi\win32\debug\gldetection_wifi.exe
d:\qt_project\gldetection_wifi\gldetection_wifi\win32\debug\gldetection_wifi.pdb
d:\qt_project\gldetection_wifi\gldetection_wifi\gldetection_wifi\debug\gldetection_wifi.tlog\cl.command.1.tlog
d:\qt_project\gldetection_wifi\gldetection_wifi\gldetection_wifi\debug\gldetection_wifi.tlog\cl.read.1.tlog
d:\qt_project\gldetection_wifi\gldetection_wifi\gldetection_wifi\debug\gldetection_wifi.tlog\cl.write.1.tlog
d:\qt_project\gldetection_wifi\gldetection_wifi\gldetection_wifi\debug\gldetection_wifi.tlog\custombuild.command.1.tlog
d:\qt_project\gldetection_wifi\gldetection_wifi\gldetection_wifi\debug\gldetection_wifi.tlog\custombuild.read.1.tlog
d:\qt_project\gldetection_wifi\gldetection_wifi\gldetection_wifi\debug\gldetection_wifi.tlog\custombuild.write.1.tlog
d:\qt_project\gldetection_wifi\gldetection_wifi\gldetection_wifi\debug\gldetection_wifi.tlog\link.command.1.tlog
d:\qt_project\gldetection_wifi\gldetection_wifi\gldetection_wifi\debug\gldetection_wifi.tlog\link.read.1.tlog
d:\qt_project\gldetection_wifi\gldetection_wifi\gldetection_wifi\debug\gldetection_wifi.tlog\link.write.1.tlog
